C51 COMPILER V9.59.0.0   8888                                                              09/02/2022 15:21:38 PAGE 1   


C51 COMPILER V9.59.0.0, COMPILATION OF MODULE 8888
OBJECT MODULE PLACED IN .\Objects\8888.obj
COMPILER INVOKED BY: C:\Keil_v5\C51\BIN\C51.EXE 8888.c OPTIMIZE(8,SPEED) BROWSE DEBUG OBJECTEXTEND PRINT(.\Listings\8888
                    -.lst) TABS(2) OBJECT(.\Objects\8888.obj)

line level    source

   1          #include <REGX52.H>
   2          #include "Delay.h"
   3          
   4          //数码管段码表
   5          unsigned char NixieTable[]={0x3F,0x06,0x5B,0x4F,0x66,0x6D,0x7D,0x07,0x7F,0x6F};
   6          
   7          
   8          
   9          /**
  10            * @brief  动态数码管显示函数
  11            * @param  Location 显示位
  12            * @param  Number 显示的数字
  13            * @retval 无
  14            */
  15          void Nixie(unsigned char Location,Number)
  16          {
  17   1        switch(Location)    //位码输出
  18   1        {
  19   2          case 1:P2_4=1;P2_3=1;P2_2=1;break;
  20   2          case 2:P2_4=1;P2_3=1;P2_2=0;break;
  21   2          case 3:P2_4=1;P2_3=0;P2_2=1;break;
  22   2          case 4:P2_4=1;P2_3=0;P2_2=0;break;
  23   2          case 5:P2_4=0;P2_3=1;P2_2=1;break;
  24   2          case 6:P2_4=0;P2_3=1;P2_2=0;break;
  25   2          case 7:P2_4=0;P2_3=0;P2_2=1;break;
  26   2          case 8:P2_4=0;P2_3=0;P2_2=0;break;
  27   2        }
  28   1        P0=NixieTable[Number];  //段码输出
  29   1        Delay(1);       //显示一段时间
  30   1        P0=0x00;        //段码清0，消影
  31   1      }


MODULE INFORMATION:   STATIC OVERLAYABLE
   CODE SIZE        =    109    ----
   CONSTANT SIZE    =   ----    ----
   XDATA SIZE       =   ----    ----
   PDATA SIZE       =   ----    ----
   DATA SIZE        =     10    ----
   IDATA SIZE       =   ----    ----
   BIT SIZE         =   ----    ----
END OF MODULE INFORMATION.


C51 COMPILATION COMPLETE.  0 WARNING(S),  0 ERROR(S)
