C51 COMPILER V9.59.0.0   MAIN                                                              09/02/2022 16:51:54 PAGE 1   


C51 COMPILER V9.59.0.0, COMPILATION OF MODULE MAIN
OBJECT MODULE PLACED IN .\Objects\MAIN.obj
COMPILER INVOKED BY: C:\Keil_v5\C51\BIN\C51.EXE MAIN.c OPTIMIZE(8,SPEED) BROWSE DEBUG OBJECTEXTEND PRINT(.\Listings\MAIN
                    -.lst) TABS(2) OBJECT(.\Objects\MAIN.obj)

line level    source

   1          #include <REGX52.H>
   2          #include "LCD1602.h"
   3          #include "DS1302.h"
   4          #include "Key.h"
   5          #include "time0init.h"
   6          
   7          unsigned char keynum=0,mode=0,selete=0,timeflash=0;
   8          
   9          void showtime()
  10          {
  11   1          if(mode==1 && selete==0 && timeflash==1){LCD_ShowString(1,1,"    ");}
  12   1          else {LCD_ShowNum(1,1,20,2);LCD_ShowNum(1,3,DS1302_TIME[0],2);}
  13   1          if(mode==1 && selete==1 && timeflash==1){LCD_ShowString(1,6,"  ");}
  14   1          else {LCD_ShowNum(1,6,DS1302_TIME[1],2);}
  15   1          if(mode==1 && selete==2 && timeflash==1){LCD_ShowString(1,9,"  ");}
  16   1          else {LCD_ShowNum(1,9,DS1302_TIME[2],2);}
  17   1          if(mode==1 && selete==3 && timeflash==1){LCD_ShowString(2,1,"  ");}
  18   1          else {LCD_ShowNum(2,1,DS1302_TIME[3],2);}
  19   1          if(mode==1 && selete==4 && timeflash==1){LCD_ShowString(2,4,"  ");}
  20   1          else {LCD_ShowNum(2,4,DS1302_TIME[4],2);}
  21   1          if(mode==1 && selete==5 && timeflash==1){LCD_ShowString(2,7,"  ");}
  22   1          else {LCD_ShowNum(2,7,DS1302_TIME[5],2);}
  23   1          if(mode==1 && selete==6 && timeflash==1){LCD_ShowString(1,11," ");}
  24   1          else {LCD_ShowNum(2,11,DS1302_TIME[6],1);}
  25   1      }
  26          
  27          
  28          void settime()
  29          {
  30   1          if (keynum==2) {selete++;if(selete>6)selete=0;}
  31   1      
  32   1      
  33   1          if(keynum==3)
  34   1          {
  35   2              DS1302_TIME[selete]++;
  36   2              if (DS1302_TIME[0]>99)DS1302_TIME[0]=0;
  37   2              if (DS1302_TIME[1]>12)DS1302_TIME[1]=1;
  38   2              if (DS1302_TIME[1]==1 || DS1302_TIME[1]==3 || DS1302_TIME[1]==5 || DS1302_TIME[1]==7 || DS1302_TIM
             -E[1]==8 || DS1302_TIME[1]==10 || DS1302_TIME[1]==12)
  39   2              {
  40   3                  if (DS1302_TIME[2]>31)DS1302_TIME[2]=1;
  41   3              }
  42   2              if (DS1302_TIME[1]==2)
  43   2              {
  44   3                  if(DS1302_TIME[0]%4==0){if (DS1302_TIME[2]>29)DS1302_TIME[2]=1;}
  45   3                  else if (DS1302_TIME[0]%4!=0){if (DS1302_TIME[2]>28)DS1302_TIME[2]=1;}
  46   3              }
  47   2      
  48   2              if (DS1302_TIME[3]>23)DS1302_TIME[3]=0;
  49   2              if (DS1302_TIME[4]>59)DS1302_TIME[4]=0;
  50   2              if (DS1302_TIME[5]>59)DS1302_TIME[5]=0;
  51   2              if (DS1302_TIME[6]>7)DS1302_TIME[6]=1;
  52   2          }
  53   1      
C51 COMPILER V9.59.0.0   MAIN                                                              09/02/2022 16:51:54 PAGE 2   

  54   1          if (keynum==4)
  55   1          {
  56   2              DS1302_TIME[selete]--;
  57   2              if (DS1302_TIME[0]>99)DS1302_TIME[0]=99;
  58   2              if (DS1302_TIME[1]<1)DS1302_TIME[1]=12;
  59   2              if (DS1302_TIME[1]==1 || DS1302_TIME[1]==3 || DS1302_TIME[1]==5 || DS1302_TIME[1]==7 || DS1302_TIM
             -E[1]==8 || DS1302_TIME[1]==10 || DS1302_TIME[1]==12)
  60   2              {
  61   3                  if (DS1302_TIME[2]<1)DS1302_TIME[2]=31;
  62   3              }
  63   2              if (DS1302_TIME[1]==2)
  64   2              {
  65   3                  if(DS1302_TIME[0]%4==0){if (DS1302_TIME[2]<1)DS1302_TIME[2]=29;}
  66   3                  else if (DS1302_TIME[0]%4!=0){if (DS1302_TIME[2]<1)DS1302_TIME[2]=28;}
  67   3              }
  68   2      
  69   2              if (DS1302_TIME[3]>23)DS1302_TIME[3]=23;
  70   2              if (DS1302_TIME[4]>59)DS1302_TIME[4]=59;
  71   2              if (DS1302_TIME[5]>59)DS1302_TIME[5]=59;
  72   2              if (DS1302_TIME[6]<1)DS1302_TIME[6]=7;
  73   2          }
  74   1          showtime();
  75   1      }
  76          
  77          
  78          void main ()
  79          {
  80   1          DS1302_init();
  81   1          LCD_Init();
  82   1          Timer0Init();
  83   1          DS1302_SetTime();
  84   1          LCD_ShowString(1,1,"    -  -  ");
  85   1          LCD_ShowString(2,1,"  :  :  ");
  86   1      
  87   1        while(1)
  88   1          {
  89   2          keynum=Key();
  90   2          if (keynum==1) {mode++;if (mode>2) mode=0;}
  91   2      
  92   2          switch (mode)
  93   2          {
  94   3          case 0:DS1302_ReadTime();showtime();break;
  95   3          case 1:settime();break;
  96   3          case 2:DS1302_SetTime();selete=0;mode=0;break;
  97   3          }
  98   2      
  99   2          LCD_ShowNum(1,13,selete,1);
 100   2      
 101   2          }
 102   1      }
 103          
 104          
 105          void shinging () interrupt 1
 106          {
 107   1          static unsigned int time;
 108   1        TL0 = 0x66;   //设置定时初始值
 109   1        TH0 = 0xFC;   //设置定时初始值    
 110   1          time++;
 111   1          if (time>500)
 112   1          {
 113   2              timeflash=!timeflash;
 114   2              time=0;
C51 COMPILER V9.59.0.0   MAIN                                                              09/02/2022 16:51:54 PAGE 3   

 115   2          }
 116   1      }


MODULE INFORMATION:   STATIC OVERLAYABLE
   CODE SIZE        =    941    ----
   CONSTANT SIZE    =     30    ----
   XDATA SIZE       =   ----    ----
   PDATA SIZE       =   ----    ----
   DATA SIZE        =      6    ----
   IDATA SIZE       =   ----    ----
   BIT SIZE         =   ----    ----
END OF MODULE INFORMATION.


C51 COMPILATION COMPLETE.  0 WARNING(S),  0 ERROR(S)
