C51 COMPILER V9.59.0.0   TIME0INIT                                                         09/02/2022 16:58:08 PAGE 1   


C51 COMPILER V9.59.0.0, COMPILATION OF MODULE TIME0INIT
OBJECT MODULE PLACED IN .\Objects\time0init.obj
COMPILER INVOKED BY: C:\Keil_v5\C51\BIN\C51.EXE time0init.c OPTIMIZE(8,SPEED) BROWSE DEBUG OBJECTEXTEND PRINT(.\Listings
                    -\time0init.lst) TABS(2) OBJECT(.\Objects\time0init.obj)

line level    source

   1          #include <REGX52.H>
   2          
   3          void Timer0Init()   //1毫秒@11.0592MHz
   4          {
   5   1        TMOD &= 0xF0;   //设置定时器模式
   6   1        TMOD |= 0x01;   //设置定时器模式
   7   1        TL0 = 0x66;   //设置定时初始值
   8   1        TH0 = 0xFC;   //设置定时初始值
   9   1        TF0 = 0;    //清除TF0标志
  10   1        TR0 = 1;    //定时器0开始计时
  11   1          ET0=1;
  12   1          EA=1;
  13   1          PT0=1;
  14   1      }


MODULE INFORMATION:   STATIC OVERLAYABLE
   CODE SIZE        =     23    ----
   CONSTANT SIZE    =   ----    ----
   XDATA SIZE       =   ----    ----
   PDATA SIZE       =   ----    ----
   DATA SIZE        =   ----    ----
   IDATA SIZE       =   ----    ----
   BIT SIZE         =   ----    ----
END OF MODULE INFORMATION.


C51 COMPILATION COMPLETE.  0 WARNING(S),  0 ERROR(S)
